Arguments: 
  C:\Program Files\nodejs\node.exe C:\Users\panko\AppData\Roaming\npm\node_modules\yarn\bin\yarn.js publish

PATH: 
  C:\Program Files\Common Files\Oracle\Java\javapath;C:\Python311\Scripts\;C:\Python311\;C:\Windows\system32;C:\Windows;C:\Windows\System32\Wbem;C:\Windows\System32\WindowsPowerShell\v1.0\;C:\Windows\System32\OpenSSH\;C:\Program Files\nodejs\;C:\ProgramData\chocolatey\bin;C:\Program Files\NVIDIA Corporation\NVIDIA NvDLISR;C:\Program Files (x86)\NVIDIA Corporation\PhysX\Common;C:\Program Files\Git\cmd;C:\metasploit-framework\bin\;C:\Program Files\Go\bin;C:\Program Files\Docker\Docker\resources\bin;C:\Users\panko\AppData\Local\Programs\Python\Python312\Scripts\;C:\Users\panko\AppData\Local\Programs\Python\Python312\;C:\Program Files\Elixir\bin;C:\Program Files\Erlang OTP\bin;C:\Users\panko\AppData\Local\Microsoft\WindowsApps;C:\Users\panko\AppData\Roaming\npm;C:\Users\panko\AppData\Local\Programs\Microsoft VS Code\bin;C:\Users\panko\AppData\Local\JetBrains\Toolbox\scripts;C:\MinGW\bin;C:\Users\panko\Downloads\postgresql-16.0-1-windows-x64-binaries\pgsql\lib;C:\Users\panko\Downloads\postgresql-16.0-1-windows-x64-binaries\pgsql\bin;C:\Program Files (x86)\Nmap;C:\Users\panko\go\bin

Yarn version: 
  1.22.19

Node version: 
  18.17.1

Platform: 
  win32 x64

Trace: 
  Error: https://registry.yarnpkg.com/-/user/org.couchdb.user:justfossa: That email has already been registered.
      at params.callback [as _callback] (C:\Users\panko\AppData\Roaming\npm\node_modules\yarn\lib\cli.js:66145:18)
      at self.callback (C:\Users\panko\AppData\Roaming\npm\node_modules\yarn\lib\cli.js:140890:22)
      at Request.emit (node:events:514:28)
      at Request.<anonymous> (C:\Users\panko\AppData\Roaming\npm\node_modules\yarn\lib\cli.js:141862:10)
      at Request.emit (node:events:514:28)
      at IncomingMessage.<anonymous> (C:\Users\panko\AppData\Roaming\npm\node_modules\yarn\lib\cli.js:141784:12)
      at Object.onceWrapper (node:events:628:28)
      at IncomingMessage.emit (node:events:526:35)
      at endReadableNT (node:internal/streams/readable:1359:12)
      at process.processTicksAndRejections (node:internal/process/task_queues:82:21)

npm manifest: 
  {
    "name": "swiftpal-api-types",
    "version": "0.0.1",
    "description": "SwiftPal API typings",
    "license": "MIT",
    "exports": {
      "./v1": {
        "types": "./v1.ts"
      }
    }
  }

yarn manifest: 
  No manifest

Lockfile: 
  No lockfile
